2024-05-29 14:12:09 info: "GET /api/posts?type=buy&city=&minPrice=0&maxPrice=0 200"
2024-05-29 14:12:51 info: "GET /api/posts?type=&city=&property=&minPrice=0&maxPrice=0&bedroom= 200"
2024-05-29 14:13:04 info: "GET /api/posts?type=&city=banglore&property=&minPrice=0&maxPrice=0&bedroom= 200"
2024-05-29 14:13:07 info: "GET /api/posts/66556f6276c05efd7f3420b8 200"
2024-05-29 14:13:15 info: "GET /api/users/notification 200"
2024-05-29 14:13:15 info: "GET /api/users/profilePosts 200"
2024-05-29 14:13:15 info: "GET /api/users/notification 200"
2024-05-29 14:13:15 info: "GET /api/chats 200"
2024-05-29 14:13:18 info: "GET /api/posts/66556f6276c05efd7f3420b8 200"
2024-05-29 14:13:21 info: "GET /api/users/profilePosts 200"
2024-05-29 14:13:22 info: "GET /api/users/notification 200"
2024-05-29 14:15:21 info: "OPTIONS /api/users/6656ddd1368b82c07541fad2"
2024-05-29 14:15:23 info: "PUT /api/users/6656ddd1368b82c07541fad2"
2024-05-29 14:15:23 info: "GET /api/users/notification"
2024-05-29 14:15:23 info: "GET /api/users/profilePosts"
2024-05-29 14:15:24 info: "GET /api/chats"
2024-05-29 14:15:24 info: "PUT /api/users/6656ddd1368b82c07541fad2"
2024-05-29 14:15:24 info: "GET /api/users/notification"
2024-05-29 14:15:24 info: "GET /api/chats"
2024-05-29 14:15:24 info: "GET /api/users/notification"
2024-05-29 14:15:24 info: "GET /api/users/notification"
2024-05-29 14:15:24 info: "GET /api/users/profilePosts"
2024-05-29 14:15:48 info: "GET /api/chats"
2024-05-29 14:15:48 info: "GET /api/users/profilePosts"
2024-05-29 14:15:49 info: "POST /api/auth/logout"
2024-05-29 14:17:12 info: "OPTIONS /api/auth/register"
2024-05-29 14:17:12 info: "POST /api/auth/register"
2024-05-29 14:17:19 info: "OPTIONS /api/auth/login"
2024-05-29 14:17:19 info: "POST /api/auth/login"
2024-05-29 14:17:44 info: "OPTIONS /api/auth/login"
2024-05-29 14:17:44 info: "POST /api/auth/login"
2024-05-29 14:17:45 info: "GET /api/users/notification"
2024-05-29 14:17:45 info: "GET /api/users/notification"
2024-05-29 14:17:56 info: "GET /api/posts?type=buy&city=&minPrice=0&maxPrice=0"
2024-05-29 14:18:00 info: "GET /api/posts/665310a47f2969588f73af60"
2024-05-29 14:18:02 info: "OPTIONS /api/users/save"
2024-05-29 14:18:02 info: "POST /api/users/save"
2024-05-29 14:18:04 info: "GET /api/chats"
2024-05-29 14:18:04 info: "GET /api/users/notification"
2024-05-29 14:18:04 info: "GET /api/users/notification"
2024-05-29 14:18:04 info: "GET /api/users/profilePosts"
2024-05-29 14:18:11 info: "GET /api/chats"
2024-05-29 14:18:11 info: "GET /api/users/profilePosts"
2024-05-29 14:18:13 info: "GET /api/chats"
2024-05-29 14:18:13 info: "GET /api/users/profilePosts"
2024-05-29 14:18:14 info: "GET /api/chats"
2024-05-29 14:18:14 info: "GET /api/users/profilePosts"
2024-05-29 14:19:19 info: "OPTIONS /api/users/6656eb9038c7ed060f2e93fd"
2024-05-29 14:19:20 info: "PUT /api/users/6656eb9038c7ed060f2e93fd"
2024-05-29 14:19:20 info: "GET /api/chats"
2024-05-29 14:19:20 info: "GET /api/users/notification"
2024-05-29 14:19:20 info: "GET /api/users/notification"
2024-05-29 14:19:20 info: "GET /api/users/profilePosts"
2024-05-29 14:22:20 info: "OPTIONS /api/posts"
2024-05-29 14:22:21 info: "POST /api/posts"
2024-05-29 14:22:21 info: "GET /api/posts/6656ecc438c7ed060f2e93ff"
2024-05-29 14:22:22 info: "GET /api/users/notification"
2024-05-29 14:22:22 info: "GET /api/users/notification"
2024-05-29 14:22:30 info: "GET /api/chats"
2024-05-29 14:22:30 info: "GET /api/users/notification"
2024-05-29 14:22:30 info: "GET /api/users/notification"
2024-05-29 14:22:30 info: "GET /api/users/profilePosts"
2024-05-29 14:22:32 info: "GET /api/users/notification"
2024-05-29 14:22:32 info: "GET /api/users/notification"
2024-05-29 14:22:34 info: "GET /api/posts?type=buy&city=&minPrice=0&maxPrice=0"
2024-05-29 14:22:39 info: "GET /api/posts?type=&city=&property=&minPrice=0&maxPrice=0&bedroom="
2024-05-29 14:23:18 info: "GET /api/posts/6656ecc438c7ed060f2e93ff"
2024-05-29 14:23:23 info: "GET /api/posts/6656ecc438c7ed060f2e93ff"
2024-05-29 14:23:25 info: "GET /api/posts/6656ecc438c7ed060f2e93ff"
2024-05-29 14:23:25 info: "GET /api/posts/6656ecc438c7ed060f2e93ff"
2024-05-29 14:23:31 info: "GET /api/users/notification"
2024-05-29 14:23:31 info: "GET /api/users/notification"
2024-05-29 14:23:33 info: "GET /api/posts?type=buy&city=&minPrice=0&maxPrice=0"
2024-05-29 14:23:47 info: "GET /api/posts?type=rent&city=&property=&minPrice=0&maxPrice=0&bedroom="
2024-05-29 14:23:51 info: "GET /api/posts/665322a1380ba01bb1548188"
2024-05-29 14:23:56 info: "GET /api/users/notification"
2024-05-29 14:23:56 info: "GET /api/users/notification"
2024-05-29 14:24:03 info: "GET /api/chats"
2024-05-29 14:24:03 info: "GET /api/users/notification"
2024-05-29 14:24:03 info: "GET /api/users/notification"
2024-05-29 14:24:03 info: "GET /api/users/profilePosts"
